2019-08-06 14:42:18 [INFO    ] [__main__.loadEthMensaForParams:323  ] Call url: https://www.webservices.ethz.ch/gastro/v1/RVRI/Q1E1/meals/de/2019-08-05/lunch
2019-08-06 14:42:18 [DEBUG   ] [urllib3.connectionpool._new_conn:813] Starting new HTTPS connection (1): www.webservices.ethz.ch:443
2019-08-06 14:42:18 [DEBUG   ] [urllib3.connectionpool._make_req:393] https://www.webservices.ethz.ch:443 "GET /gastro/v1/RVRI/Q1E1/meals/de/2019-08-05/lunch HTTP/1.1" 200 20215
2019-08-06 14:42:18 [INFO    ] [__main__.loadEthMensaForParams:323  ] Call url: https://www.webservices.ethz.ch/gastro/v1/RVRI/Q1E1/meals/de/2019-08-05/dinner
2019-08-06 14:42:18 [DEBUG   ] [urllib3.connectionpool._new_conn:813] Starting new HTTPS connection (1): www.webservices.ethz.ch:443
2019-08-06 14:42:18 [DEBUG   ] [urllib3.connectionpool._make_req:393] https://www.webservices.ethz.ch:443 "GET /gastro/v1/RVRI/Q1E1/meals/de/2019-08-05/dinner HTTP/1.1" 200 3299
2019-08-06 14:42:18 [INFO    ] [__main__.loadEthMensaForParams:323  ] Call url: https://www.webservices.ethz.ch/gastro/v1/RVRI/Q1E1/meals/de/2019-08-06/lunch
2019-08-06 14:42:18 [DEBUG   ] [urllib3.connectionpool._new_conn:813] Starting new HTTPS connection (1): www.webservices.ethz.ch:443
2019-08-06 14:42:19 [DEBUG   ] [urllib3.connectionpool._make_req:393] https://www.webservices.ethz.ch:443 "GET /gastro/v1/RVRI/Q1E1/meals/de/2019-08-06/lunch HTTP/1.1" 200 20390
2019-08-06 14:42:19 [INFO    ] [__main__.loadEthMensaForParams:323  ] Call url: https://www.webservices.ethz.ch/gastro/v1/RVRI/Q1E1/meals/de/2019-08-06/dinner
2019-08-06 14:42:19 [DEBUG   ] [urllib3.connectionpool._new_conn:813] Starting new HTTPS connection (1): www.webservices.ethz.ch:443
2019-08-06 14:42:19 [DEBUG   ] [urllib3.connectionpool._make_req:393] https://www.webservices.ethz.ch:443 "GET /gastro/v1/RVRI/Q1E1/meals/de/2019-08-06/dinner HTTP/1.1" 200 3101
2019-08-06 14:42:19 [INFO    ] [__main__.loadEthMensaForParams:323  ] Call url: https://www.webservices.ethz.ch/gastro/v1/RVRI/Q1E1/meals/de/2019-08-07/lunch
2019-08-06 14:42:19 [DEBUG   ] [urllib3.connectionpool._new_conn:813] Starting new HTTPS connection (1): www.webservices.ethz.ch:443
2019-08-06 14:42:19 [DEBUG   ] [urllib3.connectionpool._make_req:393] https://www.webservices.ethz.ch:443 "GET /gastro/v1/RVRI/Q1E1/meals/de/2019-08-07/lunch HTTP/1.1" 200 16586
2019-08-06 14:42:19 [INFO    ] [__main__.loadEthMensaForParams:323  ] Call url: https://www.webservices.ethz.ch/gastro/v1/RVRI/Q1E1/meals/de/2019-08-07/dinner
2019-08-06 14:42:19 [DEBUG   ] [urllib3.connectionpool._new_conn:813] Starting new HTTPS connection (1): www.webservices.ethz.ch:443
2019-08-06 14:42:19 [DEBUG   ] [urllib3.connectionpool._make_req:393] https://www.webservices.ethz.ch:443 "GET /gastro/v1/RVRI/Q1E1/meals/de/2019-08-07/dinner HTTP/1.1" 200 3203
2019-08-06 14:42:19 [INFO    ] [__main__.loadEthMensaForParams:323  ] Call url: https://www.webservices.ethz.ch/gastro/v1/RVRI/Q1E1/meals/de/2019-08-08/lunch
2019-08-06 14:42:19 [DEBUG   ] [urllib3.connectionpool._new_conn:813] Starting new HTTPS connection (1): www.webservices.ethz.ch:443
2019-08-06 14:42:19 [DEBUG   ] [urllib3.connectionpool._make_req:393] https://www.webservices.ethz.ch:443 "GET /gastro/v1/RVRI/Q1E1/meals/de/2019-08-08/lunch HTTP/1.1" 200 16863
2019-08-06 14:42:19 [INFO    ] [__main__.loadEthMensaForParams:323  ] Call url: https://www.webservices.ethz.ch/gastro/v1/RVRI/Q1E1/meals/de/2019-08-08/dinner
2019-08-06 14:42:19 [DEBUG   ] [urllib3.connectionpool._new_conn:813] Starting new HTTPS connection (1): www.webservices.ethz.ch:443
2019-08-06 14:42:19 [DEBUG   ] [urllib3.connectionpool._make_req:393] https://www.webservices.ethz.ch:443 "GET /gastro/v1/RVRI/Q1E1/meals/de/2019-08-08/dinner HTTP/1.1" 200 3292
2019-08-06 14:42:19 [INFO    ] [__main__.loadEthMensaForParams:323  ] Call url: https://www.webservices.ethz.ch/gastro/v1/RVRI/Q1E1/meals/de/2019-08-09/lunch
2019-08-06 14:42:19 [DEBUG   ] [urllib3.connectionpool._new_conn:813] Starting new HTTPS connection (1): www.webservices.ethz.ch:443
2019-08-06 14:42:19 [DEBUG   ] [urllib3.connectionpool._make_req:393] https://www.webservices.ethz.ch:443 "GET /gastro/v1/RVRI/Q1E1/meals/de/2019-08-09/lunch HTTP/1.1" 200 16606
2019-08-06 14:42:19 [INFO    ] [__main__.loadEthMensaForParams:323  ] Call url: https://www.webservices.ethz.ch/gastro/v1/RVRI/Q1E1/meals/de/2019-08-09/dinner
2019-08-06 14:42:19 [DEBUG   ] [urllib3.connectionpool._new_conn:813] Starting new HTTPS connection (1): www.webservices.ethz.ch:443
2019-08-06 14:42:19 [DEBUG   ] [urllib3.connectionpool._make_req:393] https://www.webservices.ethz.ch:443 "GET /gastro/v1/RVRI/Q1E1/meals/de/2019-08-09/dinner HTTP/1.1" 200 2958
2019-08-06 14:53:19 [INFO    ] [__main__.loadEthMensaForParams:239  ] Call url: https://www.webservices.ethz.ch/gastro/v1/RVRI/Q1E1/meals/de/2019-08-05/lunch
2019-08-06 14:53:19 [DEBUG   ] [urllib3.connectionpool._new_conn:813] Starting new HTTPS connection (1): www.webservices.ethz.ch:443
2019-08-06 14:53:19 [DEBUG   ] [urllib3.connectionpool._make_req:393] https://www.webservices.ethz.ch:443 "GET /gastro/v1/RVRI/Q1E1/meals/de/2019-08-05/lunch HTTP/1.1" 200 20215
2019-08-06 14:53:19 [INFO    ] [__main__.loadEthMensaForParams:239  ] Call url: https://www.webservices.ethz.ch/gastro/v1/RVRI/Q1E1/meals/de/2019-08-05/dinner
2019-08-06 14:53:19 [DEBUG   ] [urllib3.connectionpool._new_conn:813] Starting new HTTPS connection (1): www.webservices.ethz.ch:443
2019-08-06 14:53:19 [DEBUG   ] [urllib3.connectionpool._make_req:393] https://www.webservices.ethz.ch:443 "GET /gastro/v1/RVRI/Q1E1/meals/de/2019-08-05/dinner HTTP/1.1" 200 3299
2019-08-06 14:53:19 [INFO    ] [__main__.loadEthMensaForParams:239  ] Call url: https://www.webservices.ethz.ch/gastro/v1/RVRI/Q1E1/meals/de/2019-08-06/lunch
2019-08-06 14:53:19 [DEBUG   ] [urllib3.connectionpool._new_conn:813] Starting new HTTPS connection (1): www.webservices.ethz.ch:443
2019-08-06 14:53:19 [DEBUG   ] [urllib3.connectionpool._make_req:393] https://www.webservices.ethz.ch:443 "GET /gastro/v1/RVRI/Q1E1/meals/de/2019-08-06/lunch HTTP/1.1" 200 20390
2019-08-06 14:53:19 [INFO    ] [__main__.loadEthMensaForParams:239  ] Call url: https://www.webservices.ethz.ch/gastro/v1/RVRI/Q1E1/meals/de/2019-08-06/dinner
2019-08-06 14:53:19 [DEBUG   ] [urllib3.connectionpool._new_conn:813] Starting new HTTPS connection (1): www.webservices.ethz.ch:443
2019-08-06 14:53:19 [DEBUG   ] [urllib3.connectionpool._make_req:393] https://www.webservices.ethz.ch:443 "GET /gastro/v1/RVRI/Q1E1/meals/de/2019-08-06/dinner HTTP/1.1" 200 3101
2019-08-06 14:53:19 [INFO    ] [__main__.loadEthMensaForParams:239  ] Call url: https://www.webservices.ethz.ch/gastro/v1/RVRI/Q1E1/meals/de/2019-08-07/lunch
2019-08-06 14:53:19 [DEBUG   ] [urllib3.connectionpool._new_conn:813] Starting new HTTPS connection (1): www.webservices.ethz.ch:443
2019-08-06 14:53:19 [DEBUG   ] [urllib3.connectionpool._make_req:393] https://www.webservices.ethz.ch:443 "GET /gastro/v1/RVRI/Q1E1/meals/de/2019-08-07/lunch HTTP/1.1" 200 16586
2019-08-06 14:53:19 [INFO    ] [__main__.loadEthMensaForParams:239  ] Call url: https://www.webservices.ethz.ch/gastro/v1/RVRI/Q1E1/meals/de/2019-08-07/dinner
2019-08-06 14:53:19 [DEBUG   ] [urllib3.connectionpool._new_conn:813] Starting new HTTPS connection (1): www.webservices.ethz.ch:443
2019-08-06 14:53:19 [DEBUG   ] [urllib3.connectionpool._make_req:393] https://www.webservices.ethz.ch:443 "GET /gastro/v1/RVRI/Q1E1/meals/de/2019-08-07/dinner HTTP/1.1" 200 3203
2019-08-06 14:53:19 [INFO    ] [__main__.loadEthMensaForParams:239  ] Call url: https://www.webservices.ethz.ch/gastro/v1/RVRI/Q1E1/meals/de/2019-08-08/lunch
2019-08-06 14:53:19 [DEBUG   ] [urllib3.connectionpool._new_conn:813] Starting new HTTPS connection (1): www.webservices.ethz.ch:443
2019-08-06 14:53:20 [DEBUG   ] [urllib3.connectionpool._make_req:393] https://www.webservices.ethz.ch:443 "GET /gastro/v1/RVRI/Q1E1/meals/de/2019-08-08/lunch HTTP/1.1" 200 16863
2019-08-06 14:53:20 [INFO    ] [__main__.loadEthMensaForParams:239  ] Call url: https://www.webservices.ethz.ch/gastro/v1/RVRI/Q1E1/meals/de/2019-08-08/dinner
2019-08-06 14:53:20 [DEBUG   ] [urllib3.connectionpool._new_conn:813] Starting new HTTPS connection (1): www.webservices.ethz.ch:443
2019-08-06 14:53:20 [DEBUG   ] [urllib3.connectionpool._make_req:393] https://www.webservices.ethz.ch:443 "GET /gastro/v1/RVRI/Q1E1/meals/de/2019-08-08/dinner HTTP/1.1" 200 3292
2019-08-06 14:53:20 [INFO    ] [__main__.loadEthMensaForParams:239  ] Call url: https://www.webservices.ethz.ch/gastro/v1/RVRI/Q1E1/meals/de/2019-08-09/lunch
2019-08-06 14:53:20 [DEBUG   ] [urllib3.connectionpool._new_conn:813] Starting new HTTPS connection (1): www.webservices.ethz.ch:443
2019-08-06 14:53:20 [DEBUG   ] [urllib3.connectionpool._make_req:393] https://www.webservices.ethz.ch:443 "GET /gastro/v1/RVRI/Q1E1/meals/de/2019-08-09/lunch HTTP/1.1" 200 16606
2019-08-06 14:53:20 [INFO    ] [__main__.loadEthMensaForParams:239  ] Call url: https://www.webservices.ethz.ch/gastro/v1/RVRI/Q1E1/meals/de/2019-08-09/dinner
2019-08-06 14:53:20 [DEBUG   ] [urllib3.connectionpool._new_conn:813] Starting new HTTPS connection (1): www.webservices.ethz.ch:443
2019-08-06 14:53:20 [DEBUG   ] [urllib3.connectionpool._make_req:393] https://www.webservices.ethz.ch:443 "GET /gastro/v1/RVRI/Q1E1/meals/de/2019-08-09/dinner HTTP/1.1" 200 2958
2019-08-06 14:55:44 [INFO    ] [__main__.loadEthMensaForParams:241  ] Call url: https://www.webservices.ethz.ch/gastro/v1/RVRI/Q1E1/meals/de/2019-08-05/lunch
2019-08-06 14:55:44 [DEBUG   ] [urllib3.connectionpool._new_conn:813] Starting new HTTPS connection (1): www.webservices.ethz.ch:443
2019-08-06 14:55:44 [DEBUG   ] [urllib3.connectionpool._make_req:393] https://www.webservices.ethz.ch:443 "GET /gastro/v1/RVRI/Q1E1/meals/de/2019-08-05/lunch HTTP/1.1" 200 20215
2019-08-06 14:55:44 [INFO    ] [__main__.loadEthMensaForParams:241  ] Call url: https://www.webservices.ethz.ch/gastro/v1/RVRI/Q1E1/meals/de/2019-08-05/dinner
2019-08-06 14:55:44 [DEBUG   ] [urllib3.connectionpool._new_conn:813] Starting new HTTPS connection (1): www.webservices.ethz.ch:443
2019-08-06 14:55:44 [DEBUG   ] [urllib3.connectionpool._make_req:393] https://www.webservices.ethz.ch:443 "GET /gastro/v1/RVRI/Q1E1/meals/de/2019-08-05/dinner HTTP/1.1" 200 3299
2019-08-06 14:55:44 [INFO    ] [__main__.loadEthMensaForParams:241  ] Call url: https://www.webservices.ethz.ch/gastro/v1/RVRI/Q1E1/meals/de/2019-08-06/lunch
2019-08-06 14:55:44 [DEBUG   ] [urllib3.connectionpool._new_conn:813] Starting new HTTPS connection (1): www.webservices.ethz.ch:443
2019-08-06 14:55:44 [DEBUG   ] [urllib3.connectionpool._make_req:393] https://www.webservices.ethz.ch:443 "GET /gastro/v1/RVRI/Q1E1/meals/de/2019-08-06/lunch HTTP/1.1" 200 20390
2019-08-06 14:55:44 [INFO    ] [__main__.loadEthMensaForParams:241  ] Call url: https://www.webservices.ethz.ch/gastro/v1/RVRI/Q1E1/meals/de/2019-08-06/dinner
2019-08-06 14:55:44 [DEBUG   ] [urllib3.connectionpool._new_conn:813] Starting new HTTPS connection (1): www.webservices.ethz.ch:443
2019-08-06 14:55:44 [DEBUG   ] [urllib3.connectionpool._make_req:393] https://www.webservices.ethz.ch:443 "GET /gastro/v1/RVRI/Q1E1/meals/de/2019-08-06/dinner HTTP/1.1" 200 3101
2019-08-06 14:55:44 [INFO    ] [__main__.loadEthMensaForParams:241  ] Call url: https://www.webservices.ethz.ch/gastro/v1/RVRI/Q1E1/meals/de/2019-08-07/lunch
2019-08-06 14:55:44 [DEBUG   ] [urllib3.connectionpool._new_conn:813] Starting new HTTPS connection (1): www.webservices.ethz.ch:443
2019-08-06 14:55:44 [DEBUG   ] [urllib3.connectionpool._make_req:393] https://www.webservices.ethz.ch:443 "GET /gastro/v1/RVRI/Q1E1/meals/de/2019-08-07/lunch HTTP/1.1" 200 16586
2019-08-06 14:55:45 [INFO    ] [__main__.loadEthMensaForParams:241  ] Call url: https://www.webservices.ethz.ch/gastro/v1/RVRI/Q1E1/meals/de/2019-08-07/dinner
2019-08-06 14:55:45 [DEBUG   ] [urllib3.connectionpool._new_conn:813] Starting new HTTPS connection (1): www.webservices.ethz.ch:443
2019-08-06 14:55:45 [DEBUG   ] [urllib3.connectionpool._make_req:393] https://www.webservices.ethz.ch:443 "GET /gastro/v1/RVRI/Q1E1/meals/de/2019-08-07/dinner HTTP/1.1" 200 3203
2019-08-06 14:55:45 [INFO    ] [__main__.loadEthMensaForParams:241  ] Call url: https://www.webservices.ethz.ch/gastro/v1/RVRI/Q1E1/meals/de/2019-08-08/lunch
2019-08-06 14:55:45 [DEBUG   ] [urllib3.connectionpool._new_conn:813] Starting new HTTPS connection (1): www.webservices.ethz.ch:443
2019-08-06 14:55:45 [DEBUG   ] [urllib3.connectionpool._make_req:393] https://www.webservices.ethz.ch:443 "GET /gastro/v1/RVRI/Q1E1/meals/de/2019-08-08/lunch HTTP/1.1" 200 16863
2019-08-06 14:55:45 [INFO    ] [__main__.loadEthMensaForParams:241  ] Call url: https://www.webservices.ethz.ch/gastro/v1/RVRI/Q1E1/meals/de/2019-08-08/dinner
2019-08-06 14:55:45 [DEBUG   ] [urllib3.connectionpool._new_conn:813] Starting new HTTPS connection (1): www.webservices.ethz.ch:443
2019-08-06 14:55:45 [DEBUG   ] [urllib3.connectionpool._make_req:393] https://www.webservices.ethz.ch:443 "GET /gastro/v1/RVRI/Q1E1/meals/de/2019-08-08/dinner HTTP/1.1" 200 3292
2019-08-06 14:55:45 [INFO    ] [__main__.loadEthMensaForParams:241  ] Call url: https://www.webservices.ethz.ch/gastro/v1/RVRI/Q1E1/meals/de/2019-08-09/lunch
2019-08-06 14:55:45 [DEBUG   ] [urllib3.connectionpool._new_conn:813] Starting new HTTPS connection (1): www.webservices.ethz.ch:443
2019-08-06 14:55:45 [DEBUG   ] [urllib3.connectionpool._make_req:393] https://www.webservices.ethz.ch:443 "GET /gastro/v1/RVRI/Q1E1/meals/de/2019-08-09/lunch HTTP/1.1" 200 16606
2019-08-06 14:55:45 [INFO    ] [__main__.loadEthMensaForParams:241  ] Call url: https://www.webservices.ethz.ch/gastro/v1/RVRI/Q1E1/meals/de/2019-08-09/dinner
2019-08-06 14:55:45 [DEBUG   ] [urllib3.connectionpool._new_conn:813] Starting new HTTPS connection (1): www.webservices.ethz.ch:443
2019-08-06 14:55:45 [DEBUG   ] [urllib3.connectionpool._make_req:393] https://www.webservices.ethz.ch:443 "GET /gastro/v1/RVRI/Q1E1/meals/de/2019-08-09/dinner HTTP/1.1" 200 2958
2019-08-06 14:56:08 [INFO    ] [__main__.loadEthMensaForParams:241  ] Call url: https://www.webservices.ethz.ch/gastro/v1/RVRI/Q1E1/meals/de/2019-08-05/lunch
2019-08-06 14:56:08 [DEBUG   ] [urllib3.connectionpool._new_conn:813] Starting new HTTPS connection (1): www.webservices.ethz.ch:443
2019-08-06 14:56:08 [DEBUG   ] [urllib3.connectionpool._make_req:393] https://www.webservices.ethz.ch:443 "GET /gastro/v1/RVRI/Q1E1/meals/de/2019-08-05/lunch HTTP/1.1" 200 20215
2019-08-06 14:56:08 [INFO    ] [__main__.loadEthMensaForParams:241  ] Call url: https://www.webservices.ethz.ch/gastro/v1/RVRI/Q1E1/meals/de/2019-08-05/dinner
2019-08-06 14:56:08 [DEBUG   ] [urllib3.connectionpool._new_conn:813] Starting new HTTPS connection (1): www.webservices.ethz.ch:443
2019-08-06 14:56:08 [DEBUG   ] [urllib3.connectionpool._make_req:393] https://www.webservices.ethz.ch:443 "GET /gastro/v1/RVRI/Q1E1/meals/de/2019-08-05/dinner HTTP/1.1" 200 3299
2019-08-06 14:56:08 [INFO    ] [__main__.loadEthMensaForParams:241  ] Call url: https://www.webservices.ethz.ch/gastro/v1/RVRI/Q1E1/meals/de/2019-08-06/lunch
2019-08-06 14:56:08 [DEBUG   ] [urllib3.connectionpool._new_conn:813] Starting new HTTPS connection (1): www.webservices.ethz.ch:443
2019-08-06 14:56:09 [DEBUG   ] [urllib3.connectionpool._make_req:393] https://www.webservices.ethz.ch:443 "GET /gastro/v1/RVRI/Q1E1/meals/de/2019-08-06/lunch HTTP/1.1" 200 20390
2019-08-06 14:56:09 [INFO    ] [__main__.loadEthMensaForParams:241  ] Call url: https://www.webservices.ethz.ch/gastro/v1/RVRI/Q1E1/meals/de/2019-08-06/dinner
2019-08-06 14:56:09 [DEBUG   ] [urllib3.connectionpool._new_conn:813] Starting new HTTPS connection (1): www.webservices.ethz.ch:443
2019-08-06 14:56:09 [DEBUG   ] [urllib3.connectionpool._make_req:393] https://www.webservices.ethz.ch:443 "GET /gastro/v1/RVRI/Q1E1/meals/de/2019-08-06/dinner HTTP/1.1" 200 3101
2019-08-06 14:56:09 [INFO    ] [__main__.loadEthMensaForParams:241  ] Call url: https://www.webservices.ethz.ch/gastro/v1/RVRI/Q1E1/meals/de/2019-08-07/lunch
2019-08-06 14:56:09 [DEBUG   ] [urllib3.connectionpool._new_conn:813] Starting new HTTPS connection (1): www.webservices.ethz.ch:443
2019-08-06 14:56:09 [DEBUG   ] [urllib3.connectionpool._make_req:393] https://www.webservices.ethz.ch:443 "GET /gastro/v1/RVRI/Q1E1/meals/de/2019-08-07/lunch HTTP/1.1" 200 16586
2019-08-06 14:56:09 [INFO    ] [__main__.loadEthMensaForParams:241  ] Call url: https://www.webservices.ethz.ch/gastro/v1/RVRI/Q1E1/meals/de/2019-08-07/dinner
2019-08-06 14:56:09 [DEBUG   ] [urllib3.connectionpool._new_conn:813] Starting new HTTPS connection (1): www.webservices.ethz.ch:443
2019-08-06 14:56:09 [DEBUG   ] [urllib3.connectionpool._make_req:393] https://www.webservices.ethz.ch:443 "GET /gastro/v1/RVRI/Q1E1/meals/de/2019-08-07/dinner HTTP/1.1" 200 3203
2019-08-06 14:56:09 [INFO    ] [__main__.loadEthMensaForParams:241  ] Call url: https://www.webservices.ethz.ch/gastro/v1/RVRI/Q1E1/meals/de/2019-08-08/lunch
2019-08-06 14:56:09 [DEBUG   ] [urllib3.connectionpool._new_conn:813] Starting new HTTPS connection (1): www.webservices.ethz.ch:443
2019-08-06 14:56:09 [DEBUG   ] [urllib3.connectionpool._make_req:393] https://www.webservices.ethz.ch:443 "GET /gastro/v1/RVRI/Q1E1/meals/de/2019-08-08/lunch HTTP/1.1" 200 16863
2019-08-06 14:56:09 [INFO    ] [__main__.loadEthMensaForParams:241  ] Call url: https://www.webservices.ethz.ch/gastro/v1/RVRI/Q1E1/meals/de/2019-08-08/dinner
2019-08-06 14:56:09 [DEBUG   ] [urllib3.connectionpool._new_conn:813] Starting new HTTPS connection (1): www.webservices.ethz.ch:443
2019-08-06 14:56:09 [DEBUG   ] [urllib3.connectionpool._make_req:393] https://www.webservices.ethz.ch:443 "GET /gastro/v1/RVRI/Q1E1/meals/de/2019-08-08/dinner HTTP/1.1" 200 3292
2019-08-06 14:56:09 [INFO    ] [__main__.loadEthMensaForParams:241  ] Call url: https://www.webservices.ethz.ch/gastro/v1/RVRI/Q1E1/meals/de/2019-08-09/lunch
2019-08-06 14:56:09 [DEBUG   ] [urllib3.connectionpool._new_conn:813] Starting new HTTPS connection (1): www.webservices.ethz.ch:443
2019-08-06 14:56:10 [DEBUG   ] [urllib3.connectionpool._make_req:393] https://www.webservices.ethz.ch:443 "GET /gastro/v1/RVRI/Q1E1/meals/de/2019-08-09/lunch HTTP/1.1" 200 16606
2019-08-06 14:56:10 [INFO    ] [__main__.loadEthMensaForParams:241  ] Call url: https://www.webservices.ethz.ch/gastro/v1/RVRI/Q1E1/meals/de/2019-08-09/dinner
2019-08-06 14:56:10 [DEBUG   ] [urllib3.connectionpool._new_conn:813] Starting new HTTPS connection (1): www.webservices.ethz.ch:443
2019-08-06 14:56:10 [DEBUG   ] [urllib3.connectionpool._make_req:393] https://www.webservices.ethz.ch:443 "GET /gastro/v1/RVRI/Q1E1/meals/de/2019-08-09/dinner HTTP/1.1" 200 2958
